
ROM used:   3337/8192 (41%)
            3374/8192 (41%) including unused fragments

            1.8 Average locations per line
            8.2 Average locations per statement

RAM used:   70/368 (19%) at main() level
            97/368 (26%) worst case

Stack used: 5 worst case (1 in main + 4 for interrupts)
Stack size: 8

Lines Stmts  %   Files
----- ----- ---  -----
  424   409 100  mtime.c
  117     0   0  mtime.h
  786     0   0  ..\..\..\..\..\..\Program Files (x86)\PICC\Devices\16F887.h
  435     0   0  ..\..\..\..\..\..\Program Files (x86)\PICC\Drivers\string.h
   32     0   0  ..\..\..\..\..\..\Program Files (x86)\PICC\Drivers\stddef.h
   28     0   0  ..\..\..\..\..\..\Program Files (x86)\PICC\Drivers\ctype.h
   37     0   0  ..\..\..\..\..\..\Program Files (x86)\PICC\Drivers\stdio.h
----- -----
 1859   409 Total

Page ROM  %  RAM    Vol Diff  Functions:
---- --- --- ---    --- ----  ----------
0     20   1    1             @delay_ms1
 Inline         1             @I2C_WRITE_1
1    467  14    0   3306  3.5  setup
0     17   1    0    234  7.5  @const775
1     88   3    4   1990  3.4  @PSTRINGC7_9600_62_63
0     17   1    0             @const780
0     17   1    0             @const781
0     17   1    0             @const782
0     17   1    0             @const783
0     11   0    0             @const784
0      2   0    0             @const785
0      1   0    0             @const786
0     89   3    5             @PSTRINGCN7_9600_62_63
0     17   1    0             @const789
0     17   1    0             @const790
0     11   0    0             @const791
0     82   2    4             @PSTRINGC7_1
0     14   0    0             @const793
0     14   0    0             @const794
0     17   1    0             @const795
1     91   3    0     27  1.0  MAIN
0     80   2    6    409  5.5  RDA_isr
0     14   0    0    409  5.5  @const800
1    680  20    3    463  5.5  SSP_isr
0     11   0    0    409  5.5  @const803
0     35   1    2    255  4.5  @PRINTF_X_9600_62_63
 Inline         2   3208  6.9  parseI2CCommand
0      9   0    0     50  1.7  @const808
0      9   0    0    618  4.2  @const809
0      9   0    0     80  2.0  @const810
0     10   0    0     50  1.7  @const811
0     10   0    0    618  4.2  @const812
0     10   0    0    618  4.2  @const813
0     10   0    0     78  1.6  @const814
0     12   0    0   8116  5.5  @const815
0     14   0    0     80  2.0  @const816
0      7   0    0     78  1.6  @const817
0      7   0    0   8549  5.5  @const818
0      7   0    0   7965  5.5  @const819
0     11   0    0             @const820
0     11   0    0             @const821
0     11   0    0             @const822
0     11   0    0    654  4.3  @const823
0     11   0    0    654  4.3  @const824
0    122   4    1    625  4.2  doTest
0     10   0    0   3282  4.9  @const825
0     97   3    2    514  3.8  buzz
0    527  16   15   3447  4.9  parseCommand
0     16   0    0             @const828
0      9   0    0             @goto25348
0      9   0    0             @const830
0     10   0    0             @const831
0     10   0    0             @const832
0     10   0    0             @const833
0     10   0    0             @const834
0     12   0    0             @const835
0     14   0    0             @const836
0      7   0    0             @const837
0      7   0    0             @const838
0      7   0    0             @const839
0     12   0    0             @const840
0      4   0    0   1046  4.9  @const841
0      4   0    0   1046  4.9  @const842
0      4   0    0             @const843
0      4   0    0    463  3.7  @const844
0      4   0    0    463  3.7  @const845
0      4   0    0     70  1.8  @const846
0     50   1    1    407  3.8  showQuarter
0      8   0    0    391  4.0  @goto25550
0    123   4    6   1046  4.9  showNumber
0     13   0    0    391  4.0  @goto25568
0     34   1    7    629  6.0  @WRITEBITA
0     49   1    1    463  3.7  char2int
0     14   0    0    629  6.0  @goto25604
0     20   1    0     70  1.8  doReset
0      8   0    0    183  2.4  @const858
 Inline         0    505  4.1  @cinit1

Program metrics:
    Functions               43
    Statements              409
    Comments                226
    Volume (V)              88508
    Difficulty (D)          177.3
    Effort to implement (E) 15688708
    Time to implement (T)   242 hours, 7 minutes
    Est Delivered Bugs (B)  21
    Cyclomatic Complexity   461
    Maintainability (MI)    72

 Segment     Used  Free
-----------  ----  ----
00000-00003     4  0  
00004-00059    86  0  
0005A-007FF  1921  37  
00800-00FFF  1326  722  
01000-017FF     0  2048  
01800-01FFF     0  2048  



